0 info it worked if it ends with ok
1 verbose cli [ 'D:\\nodejs\\node.exe',
1 verbose cli   'D:\\nodejs\\node_modules\\npm\\bin\\npm-cli.js',
1 verbose cli   'publish',
1 verbose cli   '.' ]
2 info using npm@3.10.10
3 info using node@v6.10.1
4 verbose publish [ '.' ]
5 silly cache add args [ '.', null ]
6 verbose cache add spec .
7 silly cache add parsed spec Result {
7 silly cache add   raw: '.',
7 silly cache add   scope: null,
7 silly cache add   escapedName: null,
7 silly cache add   name: null,
7 silly cache add   rawSpec: '.',
7 silly cache add   spec: 'E:\\sevice-plugin\\lightway',
7 silly cache add   type: 'directory' }
8 verbose addLocalDirectory C:\Users\dongyl16339\AppData\Roaming\npm-cache\lightway\1.0.0\package.tgz not in flight; packing
9 verbose correctMkdir C:\Users\dongyl16339\AppData\Roaming\npm-cache correctMkdir not in flight; initializing
10 info lifecycle lightway@1.0.0~prepublish: lightway@1.0.0
11 silly lifecycle lightway@1.0.0~prepublish: no script for prepublish, continuing
12 verbose tar pack [ 'C:\\Users\\dongyl16339\\AppData\\Roaming\\npm-cache\\lightway\\1.0.0\\package.tgz',
12 verbose tar pack   'E:\\sevice-plugin\\lightway' ]
13 verbose tarball C:\Users\dongyl16339\AppData\Roaming\npm-cache\lightway\1.0.0\package.tgz
14 verbose folder E:\sevice-plugin\lightway
15 verbose addLocalTarball adding from inside cache C:\Users\dongyl16339\AppData\Roaming\npm-cache\lightway\1.0.0\package.tgz
16 verbose correctMkdir C:\Users\dongyl16339\AppData\Roaming\npm-cache correctMkdir not in flight; initializing
17 silly cache afterAdd lightway@1.0.0
18 verbose afterAdd C:\Users\dongyl16339\AppData\Roaming\npm-cache\lightway\1.0.0\package\package.json not in flight; writing
19 verbose correctMkdir C:\Users\dongyl16339\AppData\Roaming\npm-cache correctMkdir not in flight; initializing
20 verbose afterAdd C:\Users\dongyl16339\AppData\Roaming\npm-cache\lightway\1.0.0\package\package.json written
21 silly publish { name: 'lightway',
21 silly publish   version: '1.0.0',
21 silly publish   description: 'lightway',
21 silly publish   main: './lib',
21 silly publish   scripts: { test: 'echo "Error: no test specified" && exit 1' },
21 silly publish   author: { name: 'light' },
21 silly publish   license: 'ISC',
21 silly publish   dependencies:
21 silly publish    { async: '^2.4.0',
21 silly publish      blipp: '^2.3.0',
21 silly publish      chalk: '^1.1.3',
21 silly publish      glob: '^7.1.2',
21 silly publish      glue: '^4.1.0',
21 silly publish      good: '^7.1.0',
21 silly publish      'good-console': '^6.4.0',
21 silly publish      'good-file': '^6.0.1',
21 silly publish      'good-squeeze': '^5.0.2',
21 silly publish      hapi: '^16.1.1',
21 silly publish      'hapi-auth-bearer-token': '^5.1.0',
21 silly publish      'hapi-swagger': '^7.7.0',
21 silly publish      hoek: '^4.1.1',
21 silly publish      inert: '^4.2.0',
21 silly publish      joi: '^10.5.2',
21 silly publish      request: '^2.81.0',
21 silly publish      vision: '^4.1.1' },
21 silly publish   readme: 'ERROR: No README data found!',
21 silly publish   _id: 'lightway@1.0.0',
21 silly publish   _shasum: '13496bafa9f0172b633d11d9231d3bfde93caac6',
21 silly publish   _from: '.' }
22 verbose getPublishConfig undefined
23 silly mapToRegistry name lightway
24 silly mapToRegistry using default registry
25 silly mapToRegistry registry https://registry.npmjs.org/
26 silly mapToRegistry data Result {
26 silly mapToRegistry   raw: 'lightway',
26 silly mapToRegistry   scope: null,
26 silly mapToRegistry   escapedName: 'lightway',
26 silly mapToRegistry   name: 'lightway',
26 silly mapToRegistry   rawSpec: '',
26 silly mapToRegistry   spec: 'latest',
26 silly mapToRegistry   type: 'tag' }
27 silly mapToRegistry uri https://registry.npmjs.org/lightway
28 verbose publish registryBase https://registry.npmjs.org/
29 silly publish uploading C:\Users\dongyl16339\AppData\Roaming\npm-cache\lightway\1.0.0\package.tgz
30 verbose request uri https://registry.npmjs.org/lightway
31 verbose request sending authorization for write operation
32 info attempt registry request try #1 at 16:01:31
33 verbose request using bearer token for auth
34 verbose request id 34b531c8da6ccbdd
35 http request PUT https://registry.npmjs.org/lightway
36 http 403 https://registry.npmjs.org/lightway
37 verbose headers { 'content-type': 'application/json',
37 verbose headers   'cache-control': 'max-age=300',
37 verbose headers   'content-length': '102',
37 verbose headers   'accept-ranges': 'bytes',
37 verbose headers   date: 'Wed, 14 Jun 2017 08:01:33 GMT',
37 verbose headers   via: '1.1 varnish',
37 verbose headers   connection: 'keep-alive',
37 verbose headers   'x-served-by': 'cache-nrt6124-NRT',
37 verbose headers   'x-cache': 'MISS',
37 verbose headers   'x-cache-hits': '0',
37 verbose headers   'x-timer': 'S1497427293.338441,VS0,VE583',
37 verbose headers   vary: 'Accept-Encoding' }
38 verbose request invalidating C:\Users\dongyl16339\AppData\Roaming\npm-cache\registry.npmjs.org\lightway on PUT
39 error publish Failed PUT 403
40 verbose stack Error: you do not have permission to publish "lightway". Are you logged in as the correct user? : lightway
40 verbose stack     at makeError (D:\nodejs\node_modules\npm\node_modules\npm-registry-client\lib\request.js:302:12)
40 verbose stack     at CachingRegistryClient.<anonymous> (D:\nodejs\node_modules\npm\node_modules\npm-registry-client\lib\request.js:290:14)
40 verbose stack     at Request._callback (D:\nodejs\node_modules\npm\node_modules\npm-registry-client\lib\request.js:210:14)
40 verbose stack     at Request.self.callback (D:\nodejs\node_modules\npm\node_modules\request\request.js:187:22)
40 verbose stack     at emitTwo (events.js:106:13)
40 verbose stack     at Request.emit (events.js:191:7)
40 verbose stack     at Request.<anonymous> (D:\nodejs\node_modules\npm\node_modules\request\request.js:1048:10)
40 verbose stack     at emitOne (events.js:96:13)
40 verbose stack     at Request.emit (events.js:188:7)
40 verbose stack     at IncomingMessage.<anonymous> (D:\nodejs\node_modules\npm\node_modules\request\request.js:969:12)
41 verbose statusCode 403
42 verbose pkgid lightway
43 verbose cwd E:\sevice-plugin\lightway
44 error Windows_NT 6.1.7601
45 error argv "D:\\nodejs\\node.exe" "D:\\nodejs\\node_modules\\npm\\bin\\npm-cli.js" "publish" "."
46 error node v6.10.1
47 error npm  v3.10.10
48 error code E403
49 error you do not have permission to publish "lightway". Are you logged in as the correct user? : lightway
50 error If you need help, you may report this error at:
50 error     <https://github.com/npm/npm/issues>
51 verbose exit [ 1, true ]
